2022-04-01 02:05:26.849  INFO [comment-service,,] 10572 --- [main] c.m.c.CommentServiceApplicationTests     : Starting CommentServiceApplicationTests using Java 11.0.13 on MAVCHN1121119 with PID 10572 (started by deepaksi in D:\Maveric\comment-service)
2022-04-01 02:05:26.852  INFO [comment-service,,] 10572 --- [main] c.m.c.CommentServiceApplicationTests     : No active profile set, falling back to 1 default profile: "default"
2022-04-01 02:05:27.804  INFO [comment-service,,] 10572 --- [main] .s.d.r.c.RepositoryConfigurationDelegate : Bootstrapping Spring Data MongoDB repositories in DEFAULT mode.
2022-04-01 02:05:27.973  INFO [comment-service,,] 10572 --- [main] .s.d.r.c.RepositoryConfigurationDelegate : Finished Spring Data repository scanning in 162 ms. Found 1 MongoDB repository interfaces.
2022-04-01 02:05:28.250  INFO [comment-service,,] 10572 --- [main] o.s.cloud.context.scope.GenericScope     : BeanFactory id=c4a8beb7-8492-3bd7-a597-bdc4d3040af3
2022-04-01 02:05:29.484  WARN [comment-service,,] 10572 --- [main] o.s.c.s.a.z.ZipkinAutoConfiguration      : Check result of the [RestTemplateSender{http://localhost:9411/api/v2/spans}] contains an error [CheckResult{ok=false, error=org.springframework.web.client.HttpClientErrorException$BadRequest: 400 Bad Request: "Empty JSON_V2 message"}]
2022-04-01 02:05:30.269  INFO [comment-service,,] 10572 --- [main] org.mongodb.driver.cluster               : Cluster created with settings {hosts=[host.docker.internal:27017], mode=SINGLE, requiredClusterType=UNKNOWN, serverSelectionTimeout='30000 ms'}
2022-04-01 02:05:30.343  INFO [comment-service,,] 10572 --- [cluster-ClusterId{value='624610928ba03448f5d41c1e', description='null'}-host.docker.internal:27017] org.mongodb.driver.connection            : Opened connection [connectionId{localValue:1, serverValue:28}] to host.docker.internal:27017
2022-04-01 02:05:30.343  INFO [comment-service,,] 10572 --- [cluster-rtt-ClusterId{value='624610928ba03448f5d41c1e', description='null'}-host.docker.internal:27017] org.mongodb.driver.connection            : Opened connection [connectionId{localValue:2, serverValue:29}] to host.docker.internal:27017
2022-04-01 02:05:30.343  INFO [comment-service,,] 10572 --- [cluster-ClusterId{value='624610928ba03448f5d41c1e', description='null'}-host.docker.internal:27017] org.mongodb.driver.cluster               : Monitor thread successfully connected to server with description ServerDescription{address=host.docker.internal:27017, type=STANDALONE, state=CONNECTED, ok=true, minWireVersion=0, maxWireVersion=13, maxDocumentSize=16777216, logicalSessionTimeoutMinutes=30, roundTripTimeNanos=24847600}
2022-04-01 02:05:30.413  WARN [comment-service,,] 10572 --- [main] o.s.data.convert.CustomConversions       : Registering converter from class java.time.LocalDateTime to class org.joda.time.LocalDateTime as reading converter although it doesn't convert from a store-supported type! You might want to check your annotation setup at the converter implementation.
2022-04-01 02:05:30.554  WARN [comment-service,,] 10572 --- [main] o.s.data.convert.CustomConversions       : Registering converter from class java.time.LocalDateTime to class org.joda.time.LocalDateTime as reading converter although it doesn't convert from a store-supported type! You might want to check your annotation setup at the converter implementation.
2022-04-01 02:05:31.129  INFO [comment-service,,] 10572 --- [main] o.s.c.openfeign.FeignClientFactoryBean   : For 'like-service' URL not provided. Will try picking an instance via load-balancing.
2022-04-01 02:05:31.215  INFO [comment-service,,] 10572 --- [main] o.s.c.openfeign.FeignClientFactoryBean   : For 'user-service' URL not provided. Will try picking an instance via load-balancing.
2022-04-01 02:05:33.472  INFO [comment-service,,] 10572 --- [main] DiscoveryClientOptionalArgsConfiguration : Eureka HTTP Client uses RestTemplate.
2022-04-01 02:05:34.218  WARN [comment-service,,] 10572 --- [main] iguration$LoadBalancerCaffeineWarnLogger : Spring Cloud LoadBalancer is currently working with the default cache. While this cache implementation is useful for development and tests, it's recommended to use Caffeine cache in production.You can switch to using Caffeine cache, by adding it and org.springframework.cache.caffeine.CaffeineCacheManager to the classpath.
2022-04-01 02:05:34.336  INFO [comment-service,,] 10572 --- [main] o.s.c.n.eureka.InstanceInfoFactory       : Setting initial instance status as: STARTING
2022-04-01 02:05:34.474  INFO [comment-service,,] 10572 --- [main] com.netflix.discovery.DiscoveryClient    : Initializing Eureka in region us-east-1
2022-04-01 02:05:34.484  INFO [comment-service,,] 10572 --- [main] c.n.d.s.r.aws.ConfigClusterResolver      : Resolving eureka endpoints via configuration
2022-04-01 02:05:34.510  INFO [comment-service,,] 10572 --- [main] com.netflix.discovery.DiscoveryClient    : Disable delta property : false
2022-04-01 02:05:34.510  INFO [comment-service,,] 10572 --- [main] com.netflix.discovery.DiscoveryClient    : Single vip registry refresh property : null
2022-04-01 02:05:34.510  INFO [comment-service,,] 10572 --- [main] com.netflix.discovery.DiscoveryClient    : Force full registry fetch : false
2022-04-01 02:05:34.510  INFO [comment-service,,] 10572 --- [main] com.netflix.discovery.DiscoveryClient    : Application is null : false
2022-04-01 02:05:34.510  INFO [comment-service,,] 10572 --- [main] com.netflix.discovery.DiscoveryClient    : Registered Applications size is zero : true
2022-04-01 02:05:34.510  INFO [comment-service,,] 10572 --- [main] com.netflix.discovery.DiscoveryClient    : Application version is -1: true
2022-04-01 02:05:34.510  INFO [comment-service,,] 10572 --- [main] com.netflix.discovery.DiscoveryClient    : Getting all instance registry info from the eureka server
2022-04-01 02:05:34.974  INFO [comment-service,,] 10572 --- [main] com.netflix.discovery.DiscoveryClient    : The response status is 200
2022-04-01 02:05:34.974  INFO [comment-service,,] 10572 --- [main] com.netflix.discovery.DiscoveryClient    : Starting heartbeat executor: renew interval is: 30
2022-04-01 02:05:34.974  INFO [comment-service,,] 10572 --- [main] c.n.discovery.InstanceInfoReplicator     : InstanceInfoReplicator onDemand update allowed rate per min is 4
2022-04-01 02:05:34.974  INFO [comment-service,,] 10572 --- [main] com.netflix.discovery.DiscoveryClient    : Discovery Client initialized at timestamp 1648758934974 with initial instances count: 5
2022-04-01 02:05:34.990  INFO [comment-service,,] 10572 --- [main] o.s.c.n.e.s.EurekaServiceRegistry        : Registering application COMMENT-SERVICE with eureka with status UP
2022-04-01 02:05:34.990  INFO [comment-service,,] 10572 --- [main] com.netflix.discovery.DiscoveryClient    : Saw local status change event StatusChangeEvent [timestamp=1648758934990, current=UP, previous=STARTING]
2022-04-01 02:05:34.990  INFO [comment-service,,] 10572 --- [DiscoveryClient-InstanceInfoReplicator-0] com.netflix.discovery.DiscoveryClient    : DiscoveryClient_COMMENT-SERVICE/host.docker.internal:comment-service:3015: registering service...
2022-04-01 02:05:35.021  INFO [comment-service,,] 10572 --- [main] c.m.c.CommentServiceApplicationTests     : Started CommentServiceApplicationTests in 9.03 seconds (JVM running for 10.054)
2022-04-01 02:05:35.053  INFO [comment-service,,] 10572 --- [DiscoveryClient-InstanceInfoReplicator-0] com.netflix.discovery.DiscoveryClient    : DiscoveryClient_COMMENT-SERVICE/host.docker.internal:comment-service:3015 - registration status: 204
2022-04-01 02:05:35.467  INFO [comment-service,,] 10572 --- [Thread-3] o.s.c.s.a.z.ZipkinAutoConfiguration      : Flushing remaining spans on shutdown
2022-04-01 02:05:35.467  INFO [comment-service,,] 10572 --- [SpringApplicationShutdownHook] o.s.c.n.e.s.EurekaServiceRegistry        : Unregistering application COMMENT-SERVICE with eureka with status DOWN
2022-04-01 02:05:35.467  INFO [comment-service,,] 10572 --- [SpringApplicationShutdownHook] com.netflix.discovery.DiscoveryClient    : Saw local status change event StatusChangeEvent [timestamp=1648758935467, current=DOWN, previous=UP]
2022-04-01 02:05:35.467  INFO [comment-service,,] 10572 --- [DiscoveryClient-InstanceInfoReplicator-0] com.netflix.discovery.DiscoveryClient    : DiscoveryClient_COMMENT-SERVICE/host.docker.internal:comment-service:3015: registering service...
2022-04-01 02:05:35.478  INFO [comment-service,,] 10572 --- [DiscoveryClient-InstanceInfoReplicator-0] com.netflix.discovery.DiscoveryClient    : DiscoveryClient_COMMENT-SERVICE/host.docker.internal:comment-service:3015 - registration status: 204
2022-04-01 02:05:36.493  INFO [comment-service,,] 10572 --- [SpringApplicationShutdownHook] com.netflix.discovery.DiscoveryClient    : Shutting down DiscoveryClient ...
2022-04-01 02:05:39.500  INFO [comment-service,,] 10572 --- [SpringApplicationShutdownHook] com.netflix.discovery.DiscoveryClient    : Unregistering ...
2022-04-01 02:05:39.530  INFO [comment-service,,] 10572 --- [SpringApplicationShutdownHook] com.netflix.discovery.DiscoveryClient    : DiscoveryClient_COMMENT-SERVICE/host.docker.internal:comment-service:3015 - deregister  status: 200
2022-04-01 02:05:39.534  INFO [comment-service,,] 10572 --- [SpringApplicationShutdownHook] com.netflix.discovery.DiscoveryClient    : Completed shut down of DiscoveryClient
2022-04-01 02:07:26.714  INFO [comment-service,,] 35084 --- [main] c.m.c.CommentServiceApplicationTests     : Starting CommentServiceApplicationTests using Java 11.0.13 on MAVCHN1121119 with PID 35084 (started by deepaksi in D:\Maveric\comment-service)
2022-04-01 02:07:26.715  INFO [comment-service,,] 35084 --- [main] c.m.c.CommentServiceApplicationTests     : No active profile set, falling back to 1 default profile: "default"
2022-04-01 02:07:27.601  INFO [comment-service,,] 35084 --- [main] .s.d.r.c.RepositoryConfigurationDelegate : Bootstrapping Spring Data MongoDB repositories in DEFAULT mode.
2022-04-01 02:07:27.761  INFO [comment-service,,] 35084 --- [main] .s.d.r.c.RepositoryConfigurationDelegate : Finished Spring Data repository scanning in 153 ms. Found 1 MongoDB repository interfaces.
2022-04-01 02:07:28.069  INFO [comment-service,,] 35084 --- [main] o.s.cloud.context.scope.GenericScope     : BeanFactory id=c4a8beb7-8492-3bd7-a597-bdc4d3040af3
2022-04-01 02:07:29.135  WARN [comment-service,,] 35084 --- [main] o.s.c.s.a.z.ZipkinAutoConfiguration      : Check result of the [RestTemplateSender{http://localhost:9411/api/v2/spans}] contains an error [CheckResult{ok=false, error=org.springframework.web.client.HttpClientErrorException$BadRequest: 400 Bad Request: "Empty JSON_V2 message"}]
2022-04-01 02:07:29.904  INFO [comment-service,,] 35084 --- [main] org.mongodb.driver.cluster               : Cluster created with settings {hosts=[host.docker.internal:27017], mode=SINGLE, requiredClusterType=UNKNOWN, serverSelectionTimeout='30000 ms'}
2022-04-01 02:07:29.969  INFO [comment-service,,] 35084 --- [cluster-ClusterId{value='62461109e8b2607f7680d93e', description='null'}-host.docker.internal:27017] org.mongodb.driver.connection            : Opened connection [connectionId{localValue:2, serverValue:34}] to host.docker.internal:27017
2022-04-01 02:07:29.969  INFO [comment-service,,] 35084 --- [cluster-rtt-ClusterId{value='62461109e8b2607f7680d93e', description='null'}-host.docker.internal:27017] org.mongodb.driver.connection            : Opened connection [connectionId{localValue:1, serverValue:33}] to host.docker.internal:27017
2022-04-01 02:07:29.969  INFO [comment-service,,] 35084 --- [cluster-ClusterId{value='62461109e8b2607f7680d93e', description='null'}-host.docker.internal:27017] org.mongodb.driver.cluster               : Monitor thread successfully connected to server with description ServerDescription{address=host.docker.internal:27017, type=STANDALONE, state=CONNECTED, ok=true, minWireVersion=0, maxWireVersion=13, maxDocumentSize=16777216, logicalSessionTimeoutMinutes=30, roundTripTimeNanos=24006300}
2022-04-01 02:07:30.029  WARN [comment-service,,] 35084 --- [main] o.s.data.convert.CustomConversions       : Registering converter from class java.time.LocalDateTime to class org.joda.time.LocalDateTime as reading converter although it doesn't convert from a store-supported type! You might want to check your annotation setup at the converter implementation.
2022-04-01 02:07:30.204  WARN [comment-service,,] 35084 --- [main] o.s.data.convert.CustomConversions       : Registering converter from class java.time.LocalDateTime to class org.joda.time.LocalDateTime as reading converter although it doesn't convert from a store-supported type! You might want to check your annotation setup at the converter implementation.
2022-04-01 02:07:30.675  INFO [comment-service,,] 35084 --- [main] o.s.c.openfeign.FeignClientFactoryBean   : For 'like-service' URL not provided. Will try picking an instance via load-balancing.
2022-04-01 02:07:30.737  INFO [comment-service,,] 35084 --- [main] o.s.c.openfeign.FeignClientFactoryBean   : For 'user-service' URL not provided. Will try picking an instance via load-balancing.
2022-04-01 02:07:32.970  INFO [comment-service,,] 35084 --- [main] DiscoveryClientOptionalArgsConfiguration : Eureka HTTP Client uses RestTemplate.
2022-04-01 02:07:33.726  WARN [comment-service,,] 35084 --- [main] iguration$LoadBalancerCaffeineWarnLogger : Spring Cloud LoadBalancer is currently working with the default cache. While this cache implementation is useful for development and tests, it's recommended to use Caffeine cache in production.You can switch to using Caffeine cache, by adding it and org.springframework.cache.caffeine.CaffeineCacheManager to the classpath.
2022-04-01 02:07:33.902  INFO [comment-service,,] 35084 --- [main] o.s.c.n.eureka.InstanceInfoFactory       : Setting initial instance status as: STARTING
2022-04-01 02:07:34.033  INFO [comment-service,,] 35084 --- [main] com.netflix.discovery.DiscoveryClient    : Initializing Eureka in region us-east-1
2022-04-01 02:07:34.042  INFO [comment-service,,] 35084 --- [main] c.n.d.s.r.aws.ConfigClusterResolver      : Resolving eureka endpoints via configuration
2022-04-01 02:07:34.091  INFO [comment-service,,] 35084 --- [main] com.netflix.discovery.DiscoveryClient    : Disable delta property : false
2022-04-01 02:07:34.091  INFO [comment-service,,] 35084 --- [main] com.netflix.discovery.DiscoveryClient    : Single vip registry refresh property : null
2022-04-01 02:07:34.091  INFO [comment-service,,] 35084 --- [main] com.netflix.discovery.DiscoveryClient    : Force full registry fetch : false
2022-04-01 02:07:34.091  INFO [comment-service,,] 35084 --- [main] com.netflix.discovery.DiscoveryClient    : Application is null : false
2022-04-01 02:07:34.091  INFO [comment-service,,] 35084 --- [main] com.netflix.discovery.DiscoveryClient    : Registered Applications size is zero : true
2022-04-01 02:07:34.091  INFO [comment-service,,] 35084 --- [main] com.netflix.discovery.DiscoveryClient    : Application version is -1: true
2022-04-01 02:07:34.091  INFO [comment-service,,] 35084 --- [main] com.netflix.discovery.DiscoveryClient    : Getting all instance registry info from the eureka server
2022-04-01 02:07:34.542  INFO [comment-service,,] 35084 --- [main] com.netflix.discovery.DiscoveryClient    : The response status is 200
2022-04-01 02:07:34.547  INFO [comment-service,,] 35084 --- [main] com.netflix.discovery.DiscoveryClient    : Starting heartbeat executor: renew interval is: 30
2022-04-01 02:07:34.552  INFO [comment-service,,] 35084 --- [main] c.n.discovery.InstanceInfoReplicator     : InstanceInfoReplicator onDemand update allowed rate per min is 4
2022-04-01 02:07:34.560  INFO [comment-service,,] 35084 --- [main] com.netflix.discovery.DiscoveryClient    : Discovery Client initialized at timestamp 1648759054558 with initial instances count: 5
2022-04-01 02:07:34.574  INFO [comment-service,,] 35084 --- [main] o.s.c.n.e.s.EurekaServiceRegistry        : Registering application COMMENT-SERVICE with eureka with status UP
2022-04-01 02:07:34.576  INFO [comment-service,,] 35084 --- [main] com.netflix.discovery.DiscoveryClient    : Saw local status change event StatusChangeEvent [timestamp=1648759054576, current=UP, previous=STARTING]
2022-04-01 02:07:34.578  INFO [comment-service,,] 35084 --- [DiscoveryClient-InstanceInfoReplicator-0] com.netflix.discovery.DiscoveryClient    : DiscoveryClient_COMMENT-SERVICE/host.docker.internal:comment-service:3015: registering service...
2022-04-01 02:07:34.627  INFO [comment-service,,] 35084 --- [main] c.m.c.CommentServiceApplicationTests     : Started CommentServiceApplicationTests in 8.749 seconds (JVM running for 9.843)
2022-04-01 02:07:34.682  INFO [comment-service,,] 35084 --- [DiscoveryClient-InstanceInfoReplicator-0] com.netflix.discovery.DiscoveryClient    : DiscoveryClient_COMMENT-SERVICE/host.docker.internal:comment-service:3015 - registration status: 204
2022-04-01 02:07:35.169  INFO [comment-service,,] 35084 --- [Thread-3] o.s.c.s.a.z.ZipkinAutoConfiguration      : Flushing remaining spans on shutdown
2022-04-01 02:07:35.169  INFO [comment-service,,] 35084 --- [SpringApplicationShutdownHook] o.s.c.n.e.s.EurekaServiceRegistry        : Unregistering application COMMENT-SERVICE with eureka with status DOWN
2022-04-01 02:07:35.169  INFO [comment-service,,] 35084 --- [SpringApplicationShutdownHook] com.netflix.discovery.DiscoveryClient    : Saw local status change event StatusChangeEvent [timestamp=1648759055169, current=DOWN, previous=UP]
2022-04-01 02:07:35.169  INFO [comment-service,,] 35084 --- [DiscoveryClient-InstanceInfoReplicator-0] com.netflix.discovery.DiscoveryClient    : DiscoveryClient_COMMENT-SERVICE/host.docker.internal:comment-service:3015: registering service...
2022-04-01 02:07:35.190  INFO [comment-service,,] 35084 --- [DiscoveryClient-InstanceInfoReplicator-0] com.netflix.discovery.DiscoveryClient    : DiscoveryClient_COMMENT-SERVICE/host.docker.internal:comment-service:3015 - registration status: 204
2022-04-01 02:07:36.221  INFO [comment-service,,] 35084 --- [SpringApplicationShutdownHook] com.netflix.discovery.DiscoveryClient    : Shutting down DiscoveryClient ...
2022-04-01 02:07:39.234  INFO [comment-service,,] 35084 --- [SpringApplicationShutdownHook] com.netflix.discovery.DiscoveryClient    : Unregistering ...
2022-04-01 02:07:39.258  INFO [comment-service,,] 35084 --- [SpringApplicationShutdownHook] com.netflix.discovery.DiscoveryClient    : DiscoveryClient_COMMENT-SERVICE/host.docker.internal:comment-service:3015 - deregister  status: 200
2022-04-01 02:07:39.264  INFO [comment-service,,] 35084 --- [SpringApplicationShutdownHook] com.netflix.discovery.DiscoveryClient    : Completed shut down of DiscoveryClient
2022-04-01 03:01:23.762  INFO [comment-service,,] 12556 --- [restartedMain] c.m.c.CommentServiceApplication          : Starting CommentServiceApplication using Java 11.0.13 on MAVCHN1121119 with PID 12556 (D:\Maveric\comment-service\target\classes started by deepaksi in D:\Maveric\comment-service)
2022-04-01 03:01:23.762  INFO [comment-service,,] 12556 --- [restartedMain] c.m.c.CommentServiceApplication          : No active profile set, falling back to 1 default profile: "default"
2022-04-01 03:01:23.815  INFO [comment-service,,] 12556 --- [restartedMain] .e.DevToolsPropertyDefaultsPostProcessor : Devtools property defaults active! Set 'spring.devtools.add-properties' to 'false' to disable
2022-04-01 03:01:23.815  INFO [comment-service,,] 12556 --- [restartedMain] .e.DevToolsPropertyDefaultsPostProcessor : For additional web related logging consider setting the 'logging.level.web' property to 'DEBUG'
2022-04-01 03:01:24.732  INFO [comment-service,,] 12556 --- [restartedMain] .s.d.r.c.RepositoryConfigurationDelegate : Bootstrapping Spring Data MongoDB repositories in DEFAULT mode.
2022-04-01 03:01:24.893  INFO [comment-service,,] 12556 --- [restartedMain] .s.d.r.c.RepositoryConfigurationDelegate : Finished Spring Data repository scanning in 159 ms. Found 1 MongoDB repository interfaces.
2022-04-01 03:01:25.143  INFO [comment-service,,] 12556 --- [restartedMain] o.s.cloud.context.scope.GenericScope     : BeanFactory id=13aa3007-3e82-35ae-8637-8280f100e582
2022-04-01 03:01:26.430  INFO [comment-service,,] 12556 --- [restartedMain] o.s.b.w.embedded.tomcat.TomcatWebServer  : Tomcat initialized with port(s): 3015 (http)
2022-04-01 03:01:26.545  INFO [comment-service,,] 12556 --- [restartedMain] w.s.c.ServletWebServerApplicationContext : Root WebApplicationContext: initialization completed in 2730 ms
2022-04-01 03:01:26.966  WARN [comment-service,,] 12556 --- [restartedMain] o.s.c.s.a.z.ZipkinAutoConfiguration      : Check result of the [RestTemplateSender{http://localhost:9411/api/v2/spans}] contains an error [CheckResult{ok=false, error=org.springframework.web.client.HttpClientErrorException$BadRequest: 400 Bad Request: "Empty JSON_V2 message"}]
2022-04-01 03:01:27.319  WARN [comment-service,,] 12556 --- [restartedMain] ConfigServletWebServerApplicationContext : Exception encountered during context initialization - cancelling refresh attempt: org.springframework.context.ApplicationContextException: Unable to start web server; nested exception is org.springframework.boot.web.server.WebServerException: Unable to start embedded Tomcat
2022-04-01 03:01:45.308  INFO [comment-service,,] 20712 --- [main] c.m.c.CommentServiceApplicationTests     : Starting CommentServiceApplicationTests using Java 11.0.13 on MAVCHN1121119 with PID 20712 (started by deepaksi in D:\Maveric\comment-service)
2022-04-01 03:01:45.308  INFO [comment-service,,] 20712 --- [main] c.m.c.CommentServiceApplicationTests     : No active profile set, falling back to 1 default profile: "default"
2022-04-01 03:01:46.315  INFO [comment-service,,] 20712 --- [main] .s.d.r.c.RepositoryConfigurationDelegate : Bootstrapping Spring Data MongoDB repositories in DEFAULT mode.
2022-04-01 03:01:46.484  INFO [comment-service,,] 20712 --- [main] .s.d.r.c.RepositoryConfigurationDelegate : Finished Spring Data repository scanning in 165 ms. Found 1 MongoDB repository interfaces.
2022-04-01 03:01:46.821  INFO [comment-service,,] 20712 --- [main] o.s.cloud.context.scope.GenericScope     : BeanFactory id=c4a8beb7-8492-3bd7-a597-bdc4d3040af3
2022-04-01 03:01:48.096  WARN [comment-service,,] 20712 --- [main] o.s.c.s.a.z.ZipkinAutoConfiguration      : Check result of the [RestTemplateSender{http://localhost:9411/api/v2/spans}] contains an error [CheckResult{ok=false, error=org.springframework.web.client.HttpClientErrorException$BadRequest: 400 Bad Request: "Empty JSON_V2 message"}]
2022-04-01 03:01:49.286  INFO [comment-service,,] 20712 --- [main] org.mongodb.driver.cluster               : Cluster created with settings {hosts=[host.docker.internal:27017], mode=SINGLE, requiredClusterType=UNKNOWN, serverSelectionTimeout='30000 ms'}
2022-04-01 03:01:49.381  INFO [comment-service,,] 20712 --- [cluster-rtt-ClusterId{value='62461dc59476d4081c78c401', description='null'}-host.docker.internal:27017] org.mongodb.driver.connection            : Opened connection [connectionId{localValue:2, serverValue:51}] to host.docker.internal:27017
2022-04-01 03:01:49.381  INFO [comment-service,,] 20712 --- [cluster-ClusterId{value='62461dc59476d4081c78c401', description='null'}-host.docker.internal:27017] org.mongodb.driver.connection            : Opened connection [connectionId{localValue:1, serverValue:52}] to host.docker.internal:27017
2022-04-01 03:01:49.381  INFO [comment-service,,] 20712 --- [cluster-ClusterId{value='62461dc59476d4081c78c401', description='null'}-host.docker.internal:27017] org.mongodb.driver.cluster               : Monitor thread successfully connected to server with description ServerDescription{address=host.docker.internal:27017, type=STANDALONE, state=CONNECTED, ok=true, minWireVersion=0, maxWireVersion=13, maxDocumentSize=16777216, logicalSessionTimeoutMinutes=30, roundTripTimeNanos=30945000}
2022-04-01 03:01:49.475  WARN [comment-service,,] 20712 --- [main] o.s.data.convert.CustomConversions       : Registering converter from class java.time.LocalDateTime to class org.joda.time.LocalDateTime as reading converter although it doesn't convert from a store-supported type! You might want to check your annotation setup at the converter implementation.
2022-04-01 03:01:49.683  WARN [comment-service,,] 20712 --- [main] o.s.data.convert.CustomConversions       : Registering converter from class java.time.LocalDateTime to class org.joda.time.LocalDateTime as reading converter although it doesn't convert from a store-supported type! You might want to check your annotation setup at the converter implementation.
2022-04-01 03:01:50.315  INFO [comment-service,,] 20712 --- [main] o.s.c.openfeign.FeignClientFactoryBean   : For 'like-service' URL not provided. Will try picking an instance via load-balancing.
2022-04-01 03:01:50.400  INFO [comment-service,,] 20712 --- [main] o.s.c.openfeign.FeignClientFactoryBean   : For 'user-service' URL not provided. Will try picking an instance via load-balancing.
2022-04-01 03:01:52.923  INFO [comment-service,,] 20712 --- [main] DiscoveryClientOptionalArgsConfiguration : Eureka HTTP Client uses RestTemplate.
2022-04-01 03:01:53.740  WARN [comment-service,,] 20712 --- [main] iguration$LoadBalancerCaffeineWarnLogger : Spring Cloud LoadBalancer is currently working with the default cache. While this cache implementation is useful for development and tests, it's recommended to use Caffeine cache in production.You can switch to using Caffeine cache, by adding it and org.springframework.cache.caffeine.CaffeineCacheManager to the classpath.
2022-04-01 03:01:53.856  INFO [comment-service,,] 20712 --- [main] o.s.c.n.eureka.InstanceInfoFactory       : Setting initial instance status as: STARTING
2022-04-01 03:01:53.950  INFO [comment-service,,] 20712 --- [main] com.netflix.discovery.DiscoveryClient    : Initializing Eureka in region us-east-1
2022-04-01 03:01:53.966  INFO [comment-service,,] 20712 --- [main] c.n.d.s.r.aws.ConfigClusterResolver      : Resolving eureka endpoints via configuration
2022-04-01 03:01:53.981  INFO [comment-service,,] 20712 --- [main] com.netflix.discovery.DiscoveryClient    : Disable delta property : false
2022-04-01 03:01:53.981  INFO [comment-service,,] 20712 --- [main] com.netflix.discovery.DiscoveryClient    : Single vip registry refresh property : null
2022-04-01 03:01:53.981  INFO [comment-service,,] 20712 --- [main] com.netflix.discovery.DiscoveryClient    : Force full registry fetch : false
2022-04-01 03:01:53.981  INFO [comment-service,,] 20712 --- [main] com.netflix.discovery.DiscoveryClient    : Application is null : false
2022-04-01 03:01:53.981  INFO [comment-service,,] 20712 --- [main] com.netflix.discovery.DiscoveryClient    : Registered Applications size is zero : true
2022-04-01 03:01:53.981  INFO [comment-service,,] 20712 --- [main] com.netflix.discovery.DiscoveryClient    : Application version is -1: true
2022-04-01 03:01:53.981  INFO [comment-service,,] 20712 --- [main] com.netflix.discovery.DiscoveryClient    : Getting all instance registry info from the eureka server
2022-04-01 03:01:54.349  INFO [comment-service,,] 20712 --- [main] com.netflix.discovery.DiscoveryClient    : The response status is 200
2022-04-01 03:01:54.365  INFO [comment-service,,] 20712 --- [main] com.netflix.discovery.DiscoveryClient    : Starting heartbeat executor: renew interval is: 30
2022-04-01 03:01:54.365  INFO [comment-service,,] 20712 --- [main] c.n.discovery.InstanceInfoReplicator     : InstanceInfoReplicator onDemand update allowed rate per min is 4
2022-04-01 03:01:54.365  INFO [comment-service,,] 20712 --- [main] com.netflix.discovery.DiscoveryClient    : Discovery Client initialized at timestamp 1648762314365 with initial instances count: 4
2022-04-01 03:01:54.381  INFO [comment-service,,] 20712 --- [main] o.s.c.n.e.s.EurekaServiceRegistry        : Registering application COMMENT-SERVICE with eureka with status UP
2022-04-01 03:01:54.381  INFO [comment-service,,] 20712 --- [main] com.netflix.discovery.DiscoveryClient    : Saw local status change event StatusChangeEvent [timestamp=1648762314381, current=UP, previous=STARTING]
2022-04-01 03:01:54.381  INFO [comment-service,,] 20712 --- [DiscoveryClient-InstanceInfoReplicator-0] com.netflix.discovery.DiscoveryClient    : DiscoveryClient_COMMENT-SERVICE/host.docker.internal:comment-service:3015: registering service...
2022-04-01 03:01:54.441  INFO [comment-service,,] 20712 --- [main] c.m.c.CommentServiceApplicationTests     : Started CommentServiceApplicationTests in 10.143 seconds (JVM running for 11.22)
2022-04-01 03:01:54.469  INFO [comment-service,,] 20712 --- [DiscoveryClient-InstanceInfoReplicator-0] com.netflix.discovery.DiscoveryClient    : DiscoveryClient_COMMENT-SERVICE/host.docker.internal:comment-service:3015 - registration status: 204
2022-04-01 03:01:54.929  INFO [comment-service,,] 20712 --- [Thread-3] o.s.c.s.a.z.ZipkinAutoConfiguration      : Flushing remaining spans on shutdown
2022-04-01 03:01:54.942  INFO [comment-service,,] 20712 --- [SpringApplicationShutdownHook] o.s.c.n.e.s.EurekaServiceRegistry        : Unregistering application COMMENT-SERVICE with eureka with status DOWN
2022-04-01 03:01:54.942  INFO [comment-service,,] 20712 --- [SpringApplicationShutdownHook] com.netflix.discovery.DiscoveryClient    : Saw local status change event StatusChangeEvent [timestamp=1648762314942, current=DOWN, previous=UP]
2022-04-01 03:01:54.942  INFO [comment-service,,] 20712 --- [DiscoveryClient-InstanceInfoReplicator-0] com.netflix.discovery.DiscoveryClient    : DiscoveryClient_COMMENT-SERVICE/host.docker.internal:comment-service:3015: registering service...
2022-04-01 03:01:54.960  INFO [comment-service,,] 20712 --- [DiscoveryClient-InstanceInfoReplicator-0] com.netflix.discovery.DiscoveryClient    : DiscoveryClient_COMMENT-SERVICE/host.docker.internal:comment-service:3015 - registration status: 204
2022-04-01 03:01:55.976  INFO [comment-service,,] 20712 --- [SpringApplicationShutdownHook] com.netflix.discovery.DiscoveryClient    : Shutting down DiscoveryClient ...
2022-04-01 03:01:58.984  INFO [comment-service,,] 20712 --- [SpringApplicationShutdownHook] com.netflix.discovery.DiscoveryClient    : Unregistering ...
2022-04-01 03:01:59.005  INFO [comment-service,,] 20712 --- [SpringApplicationShutdownHook] com.netflix.discovery.DiscoveryClient    : DiscoveryClient_COMMENT-SERVICE/host.docker.internal:comment-service:3015 - deregister  status: 200
2022-04-01 03:01:59.011  INFO [comment-service,,] 20712 --- [SpringApplicationShutdownHook] com.netflix.discovery.DiscoveryClient    : Completed shut down of DiscoveryClient
2022-04-01 09:27:47.885  INFO [comment-service,,] 16072 --- [main] c.m.c.CommentServiceApplicationTests     : Starting CommentServiceApplicationTests using Java 11.0.13 on MAVCHN1121119 with PID 16072 (started by deepaksi in D:\Maveric\comment-service)
2022-04-01 09:27:47.889  INFO [comment-service,,] 16072 --- [main] c.m.c.CommentServiceApplicationTests     : No active profile set, falling back to 1 default profile: "default"
2022-04-01 09:27:49.497  INFO [comment-service,,] 16072 --- [main] .s.d.r.c.RepositoryConfigurationDelegate : Bootstrapping Spring Data MongoDB repositories in DEFAULT mode.
2022-04-01 09:27:49.773  INFO [comment-service,,] 16072 --- [main] .s.d.r.c.RepositoryConfigurationDelegate : Finished Spring Data repository scanning in 267 ms. Found 1 MongoDB repository interfaces.
2022-04-01 09:27:50.129  INFO [comment-service,,] 16072 --- [main] o.s.cloud.context.scope.GenericScope     : BeanFactory id=c4a8beb7-8492-3bd7-a597-bdc4d3040af3
2022-04-01 09:27:51.559  WARN [comment-service,,] 16072 --- [main] o.s.c.s.a.z.ZipkinAutoConfiguration      : Check result of the [RestTemplateSender{http://localhost:9411/api/v2/spans}] contains an error [CheckResult{ok=false, error=org.springframework.web.client.ResourceAccessException: I/O error on POST request for "http://localhost:9411/api/v2/spans": connect timed out; nested exception is java.net.SocketTimeoutException: connect timed out}]
2022-04-01 09:27:52.711  INFO [comment-service,,] 16072 --- [main] org.mongodb.driver.cluster               : Cluster created with settings {hosts=[host.docker.internal:27017], mode=SINGLE, requiredClusterType=UNKNOWN, serverSelectionTimeout='30000 ms'}
2022-04-01 09:27:52.856  WARN [comment-service,,] 16072 --- [main] o.s.data.convert.CustomConversions       : Registering converter from class java.time.LocalDateTime to class org.joda.time.LocalDateTime as reading converter although it doesn't convert from a store-supported type! You might want to check your annotation setup at the converter implementation.
2022-04-01 09:27:52.987  WARN [comment-service,,] 16072 --- [main] o.s.data.convert.CustomConversions       : Registering converter from class java.time.LocalDateTime to class org.joda.time.LocalDateTime as reading converter although it doesn't convert from a store-supported type! You might want to check your annotation setup at the converter implementation.
2022-04-01 09:27:53.459  INFO [comment-service,,] 16072 --- [main] o.s.c.openfeign.FeignClientFactoryBean   : For 'like-service' URL not provided. Will try picking an instance via load-balancing.
2022-04-01 09:27:53.513  INFO [comment-service,,] 16072 --- [main] o.s.c.openfeign.FeignClientFactoryBean   : For 'user-service' URL not provided. Will try picking an instance via load-balancing.
2022-04-01 09:27:54.811  INFO [comment-service,,] 16072 --- [cluster-ClusterId{value='6246784070fbcc22088c33b2', description='null'}-host.docker.internal:27017] org.mongodb.driver.cluster               : Exception in monitor thread while connecting to server host.docker.internal:27017

com.mongodb.MongoSocketOpenException: Exception opening socket
	at com.mongodb.internal.connection.SocketStream.open(SocketStream.java:70) ~[mongodb-driver-core-4.4.2.jar:na]
	at com.mongodb.internal.connection.InternalStreamConnection.open(InternalStreamConnection.java:180) ~[mongodb-driver-core-4.4.2.jar:na]
	at com.mongodb.internal.connection.DefaultServerMonitor$ServerMonitorRunnable.lookupServerDescription(DefaultServerMonitor.java:188) ~[mongodb-driver-core-4.4.2.jar:na]
	at com.mongodb.internal.connection.DefaultServerMonitor$ServerMonitorRunnable.run(DefaultServerMonitor.java:152) ~[mongodb-driver-core-4.4.2.jar:na]
	at java.base/java.lang.Thread.run(Thread.java:834) ~[na:na]
Caused by: java.net.ConnectException: Connection refused: connect
	at java.base/java.net.PlainSocketImpl.waitForConnect(Native Method) ~[na:na]
	at java.base/java.net.PlainSocketImpl.socketConnect(PlainSocketImpl.java:107) ~[na:na]
	at java.base/java.net.AbstractPlainSocketImpl.doConnect(AbstractPlainSocketImpl.java:412) ~[na:na]
	at java.base/java.net.AbstractPlainSocketImpl.connectToAddress(AbstractPlainSocketImpl.java:255) ~[na:na]
	at java.base/java.net.AbstractPlainSocketImpl.connect(AbstractPlainSocketImpl.java:237) ~[na:na]
	at java.base/java.net.SocksSocketImpl.connect(SocksSocketImpl.java:392) ~[na:na]
	at java.base/java.net.Socket.connect(Socket.java:608) ~[na:na]
	at com.mongodb.internal.connection.SocketStreamHelper.initialize(SocketStreamHelper.java:107) ~[mongodb-driver-core-4.4.2.jar:na]
	at com.mongodb.internal.connection.SocketStream.initializeSocket(SocketStream.java:79) ~[mongodb-driver-core-4.4.2.jar:na]
	at com.mongodb.internal.connection.SocketStream.open(SocketStream.java:65) ~[mongodb-driver-core-4.4.2.jar:na]
	... 4 common frames omitted

2022-04-01 09:27:57.383  INFO [comment-service,,] 16072 --- [main] DiscoveryClientOptionalArgsConfiguration : Eureka HTTP Client uses RestTemplate.
2022-04-01 09:27:58.984  WARN [comment-service,,] 16072 --- [main] iguration$LoadBalancerCaffeineWarnLogger : Spring Cloud LoadBalancer is currently working with the default cache. While this cache implementation is useful for development and tests, it's recommended to use Caffeine cache in production.You can switch to using Caffeine cache, by adding it and org.springframework.cache.caffeine.CaffeineCacheManager to the classpath.
2022-04-01 09:27:59.116  INFO [comment-service,,] 16072 --- [main] o.s.c.n.eureka.InstanceInfoFactory       : Setting initial instance status as: STARTING
2022-04-01 09:27:59.245  INFO [comment-service,,] 16072 --- [main] com.netflix.discovery.DiscoveryClient    : Initializing Eureka in region us-east-1
2022-04-01 09:27:59.256  INFO [comment-service,,] 16072 --- [main] c.n.d.s.r.aws.ConfigClusterResolver      : Resolving eureka endpoints via configuration
2022-04-01 09:27:59.299  INFO [comment-service,,] 16072 --- [main] com.netflix.discovery.DiscoveryClient    : Disable delta property : false
2022-04-01 09:27:59.299  INFO [comment-service,,] 16072 --- [main] com.netflix.discovery.DiscoveryClient    : Single vip registry refresh property : null
2022-04-01 09:27:59.299  INFO [comment-service,,] 16072 --- [main] com.netflix.discovery.DiscoveryClient    : Force full registry fetch : false
2022-04-01 09:27:59.300  INFO [comment-service,,] 16072 --- [main] com.netflix.discovery.DiscoveryClient    : Application is null : false
2022-04-01 09:27:59.300  INFO [comment-service,,] 16072 --- [main] com.netflix.discovery.DiscoveryClient    : Registered Applications size is zero : true
2022-04-01 09:27:59.300  INFO [comment-service,,] 16072 --- [main] com.netflix.discovery.DiscoveryClient    : Application version is -1: true
2022-04-01 09:27:59.300  INFO [comment-service,,] 16072 --- [main] com.netflix.discovery.DiscoveryClient    : Getting all instance registry info from the eureka server
2022-04-01 09:27:59.889  INFO [comment-service,,] 16072 --- [main] com.netflix.discovery.DiscoveryClient    : The response status is 200
2022-04-01 09:27:59.894  INFO [comment-service,,] 16072 --- [main] com.netflix.discovery.DiscoveryClient    : Starting heartbeat executor: renew interval is: 30
2022-04-01 09:27:59.899  INFO [comment-service,,] 16072 --- [main] c.n.discovery.InstanceInfoReplicator     : InstanceInfoReplicator onDemand update allowed rate per min is 4
2022-04-01 09:27:59.906  INFO [comment-service,,] 16072 --- [main] com.netflix.discovery.DiscoveryClient    : Discovery Client initialized at timestamp 1648785479904 with initial instances count: 3
2022-04-01 09:27:59.923  INFO [comment-service,,] 16072 --- [main] o.s.c.n.e.s.EurekaServiceRegistry        : Registering application COMMENT-SERVICE with eureka with status UP
2022-04-01 09:27:59.924  INFO [comment-service,,] 16072 --- [main] com.netflix.discovery.DiscoveryClient    : Saw local status change event StatusChangeEvent [timestamp=1648785479924, current=UP, previous=STARTING]
2022-04-01 09:27:59.927  INFO [comment-service,,] 16072 --- [DiscoveryClient-InstanceInfoReplicator-0] com.netflix.discovery.DiscoveryClient    : DiscoveryClient_COMMENT-SERVICE/localhost:comment-service:3015: registering service...
2022-04-01 09:27:59.980  INFO [comment-service,,] 16072 --- [main] c.m.c.CommentServiceApplicationTests     : Started CommentServiceApplicationTests in 15.245 seconds (JVM running for 17.047)
2022-04-01 09:28:00.026  INFO [comment-service,,] 16072 --- [DiscoveryClient-InstanceInfoReplicator-0] com.netflix.discovery.DiscoveryClient    : DiscoveryClient_COMMENT-SERVICE/localhost:comment-service:3015 - registration status: 204
2022-04-01 09:28:00.649  INFO [comment-service,,] 16072 --- [Thread-3] o.s.c.s.a.z.ZipkinAutoConfiguration      : Flushing remaining spans on shutdown
2022-04-01 09:28:00.652  INFO [comment-service,,] 16072 --- [SpringApplicationShutdownHook] o.s.c.n.e.s.EurekaServiceRegistry        : Unregistering application COMMENT-SERVICE with eureka with status DOWN
2022-04-01 09:28:00.653  INFO [comment-service,,] 16072 --- [SpringApplicationShutdownHook] com.netflix.discovery.DiscoveryClient    : Saw local status change event StatusChangeEvent [timestamp=1648785480653, current=DOWN, previous=UP]
2022-04-01 09:28:00.653  INFO [comment-service,,] 16072 --- [DiscoveryClient-InstanceInfoReplicator-0] com.netflix.discovery.DiscoveryClient    : DiscoveryClient_COMMENT-SERVICE/localhost:comment-service:3015: registering service...
2022-04-01 09:28:00.670  INFO [comment-service,,] 16072 --- [DiscoveryClient-InstanceInfoReplicator-0] com.netflix.discovery.DiscoveryClient    : DiscoveryClient_COMMENT-SERVICE/localhost:comment-service:3015 - registration status: 204
2022-04-01 09:28:01.690  INFO [comment-service,,] 16072 --- [SpringApplicationShutdownHook] com.netflix.discovery.DiscoveryClient    : Shutting down DiscoveryClient ...
2022-04-01 09:28:04.701  INFO [comment-service,,] 16072 --- [SpringApplicationShutdownHook] com.netflix.discovery.DiscoveryClient    : Unregistering ...
2022-04-01 09:28:04.721  INFO [comment-service,,] 16072 --- [SpringApplicationShutdownHook] com.netflix.discovery.DiscoveryClient    : DiscoveryClient_COMMENT-SERVICE/localhost:comment-service:3015 - deregister  status: 200
2022-04-01 09:28:04.735  INFO [comment-service,,] 16072 --- [SpringApplicationShutdownHook] com.netflix.discovery.DiscoveryClient    : Completed shut down of DiscoveryClient
2022-04-01 09:37:15.691  INFO [comment-service,,] 15520 --- [main] c.m.c.CommentServiceApplicationTests     : Starting CommentServiceApplicationTests using Java 11.0.13 on MAVCHN1121119 with PID 15520 (started by deepaksi in D:\Maveric\comment-service)
2022-04-01 09:37:15.694  INFO [comment-service,,] 15520 --- [main] c.m.c.CommentServiceApplicationTests     : No active profile set, falling back to 1 default profile: "default"
2022-04-01 09:37:18.137  INFO [comment-service,,] 15520 --- [main] .s.d.r.c.RepositoryConfigurationDelegate : Bootstrapping Spring Data MongoDB repositories in DEFAULT mode.
2022-04-01 09:37:18.484  INFO [comment-service,,] 15520 --- [main] .s.d.r.c.RepositoryConfigurationDelegate : Finished Spring Data repository scanning in 335 ms. Found 1 MongoDB repository interfaces.
2022-04-01 09:37:19.165  INFO [comment-service,,] 15520 --- [main] o.s.cloud.context.scope.GenericScope     : BeanFactory id=c4a8beb7-8492-3bd7-a597-bdc4d3040af3
2022-04-01 09:37:21.080  WARN [comment-service,,] 15520 --- [main] o.s.c.s.a.z.ZipkinAutoConfiguration      : Check result of the [RestTemplateSender{http://localhost:9411/api/v2/spans}] contains an error [CheckResult{ok=false, error=org.springframework.web.client.ResourceAccessException: I/O error on POST request for "http://localhost:9411/api/v2/spans": connect timed out; nested exception is java.net.SocketTimeoutException: connect timed out}]
2022-04-01 09:37:22.343  INFO [comment-service,,] 15520 --- [main] org.mongodb.driver.cluster               : Cluster created with settings {hosts=[host.docker.internal:27017], mode=SINGLE, requiredClusterType=UNKNOWN, serverSelectionTimeout='30000 ms'}
2022-04-01 09:37:22.432  INFO [comment-service,,] 15520 --- [cluster-ClusterId{value='62467a7a81d1204216e50ce9', description='null'}-host.docker.internal:27017] org.mongodb.driver.connection            : Opened connection [connectionId{localValue:1, serverValue:2}] to host.docker.internal:27017
2022-04-01 09:37:22.432  INFO [comment-service,,] 15520 --- [cluster-rtt-ClusterId{value='62467a7a81d1204216e50ce9', description='null'}-host.docker.internal:27017] org.mongodb.driver.connection            : Opened connection [connectionId{localValue:2, serverValue:1}] to host.docker.internal:27017
2022-04-01 09:37:22.437  INFO [comment-service,,] 15520 --- [cluster-ClusterId{value='62467a7a81d1204216e50ce9', description='null'}-host.docker.internal:27017] org.mongodb.driver.cluster               : Monitor thread successfully connected to server with description ServerDescription{address=host.docker.internal:27017, type=STANDALONE, state=CONNECTED, ok=true, minWireVersion=0, maxWireVersion=13, maxDocumentSize=16777216, logicalSessionTimeoutMinutes=30, roundTripTimeNanos=26883200}
2022-04-01 09:37:22.515  WARN [comment-service,,] 15520 --- [main] o.s.data.convert.CustomConversions       : Registering converter from class java.time.LocalDateTime to class org.joda.time.LocalDateTime as reading converter although it doesn't convert from a store-supported type! You might want to check your annotation setup at the converter implementation.
2022-04-01 09:37:22.684  WARN [comment-service,,] 15520 --- [main] o.s.data.convert.CustomConversions       : Registering converter from class java.time.LocalDateTime to class org.joda.time.LocalDateTime as reading converter although it doesn't convert from a store-supported type! You might want to check your annotation setup at the converter implementation.
2022-04-01 09:37:23.240  INFO [comment-service,,] 15520 --- [main] o.s.c.openfeign.FeignClientFactoryBean   : For 'like-service' URL not provided. Will try picking an instance via load-balancing.
2022-04-01 09:37:23.320  INFO [comment-service,,] 15520 --- [main] o.s.c.openfeign.FeignClientFactoryBean   : For 'user-service' URL not provided. Will try picking an instance via load-balancing.
2022-04-01 09:37:27.491  INFO [comment-service,,] 15520 --- [main] DiscoveryClientOptionalArgsConfiguration : Eureka HTTP Client uses RestTemplate.
2022-04-01 09:37:28.709  WARN [comment-service,,] 15520 --- [main] iguration$LoadBalancerCaffeineWarnLogger : Spring Cloud LoadBalancer is currently working with the default cache. While this cache implementation is useful for development and tests, it's recommended to use Caffeine cache in production.You can switch to using Caffeine cache, by adding it and org.springframework.cache.caffeine.CaffeineCacheManager to the classpath.
2022-04-01 09:37:28.902  INFO [comment-service,,] 15520 --- [main] o.s.c.n.eureka.InstanceInfoFactory       : Setting initial instance status as: STARTING
2022-04-01 09:37:29.166  INFO [comment-service,,] 15520 --- [main] com.netflix.discovery.DiscoveryClient    : Initializing Eureka in region us-east-1
2022-04-01 09:37:29.186  INFO [comment-service,,] 15520 --- [main] c.n.d.s.r.aws.ConfigClusterResolver      : Resolving eureka endpoints via configuration
2022-04-01 09:37:29.261  INFO [comment-service,,] 15520 --- [main] com.netflix.discovery.DiscoveryClient    : Disable delta property : false
2022-04-01 09:37:29.261  INFO [comment-service,,] 15520 --- [main] com.netflix.discovery.DiscoveryClient    : Single vip registry refresh property : null
2022-04-01 09:37:29.261  INFO [comment-service,,] 15520 --- [main] com.netflix.discovery.DiscoveryClient    : Force full registry fetch : false
2022-04-01 09:37:29.261  INFO [comment-service,,] 15520 --- [main] com.netflix.discovery.DiscoveryClient    : Application is null : false
2022-04-01 09:37:29.261  INFO [comment-service,,] 15520 --- [main] com.netflix.discovery.DiscoveryClient    : Registered Applications size is zero : true
2022-04-01 09:37:29.261  INFO [comment-service,,] 15520 --- [main] com.netflix.discovery.DiscoveryClient    : Application version is -1: true
2022-04-01 09:37:29.262  INFO [comment-service,,] 15520 --- [main] com.netflix.discovery.DiscoveryClient    : Getting all instance registry info from the eureka server
2022-04-01 09:37:30.181  INFO [comment-service,,] 15520 --- [main] com.netflix.discovery.DiscoveryClient    : The response status is 200
2022-04-01 09:37:30.186  INFO [comment-service,,] 15520 --- [main] com.netflix.discovery.DiscoveryClient    : Starting heartbeat executor: renew interval is: 30
2022-04-01 09:37:30.192  INFO [comment-service,,] 15520 --- [main] c.n.discovery.InstanceInfoReplicator     : InstanceInfoReplicator onDemand update allowed rate per min is 4
2022-04-01 09:37:30.209  INFO [comment-service,,] 15520 --- [main] com.netflix.discovery.DiscoveryClient    : Discovery Client initialized at timestamp 1648786050206 with initial instances count: 5
2022-04-01 09:37:30.230  INFO [comment-service,,] 15520 --- [main] o.s.c.n.e.s.EurekaServiceRegistry        : Registering application COMMENT-SERVICE with eureka with status UP
2022-04-01 09:37:30.232  INFO [comment-service,,] 15520 --- [main] com.netflix.discovery.DiscoveryClient    : Saw local status change event StatusChangeEvent [timestamp=1648786050232, current=UP, previous=STARTING]
2022-04-01 09:37:30.237  INFO [comment-service,,] 15520 --- [DiscoveryClient-InstanceInfoReplicator-0] com.netflix.discovery.DiscoveryClient    : DiscoveryClient_COMMENT-SERVICE/host.docker.internal:comment-service:3015: registering service...
2022-04-01 09:37:30.280  INFO [comment-service,,] 15520 --- [main] c.m.c.CommentServiceApplicationTests     : Started CommentServiceApplicationTests in 15.921 seconds (JVM running for 17.487)
2022-04-01 09:37:30.341  INFO [comment-service,,] 15520 --- [DiscoveryClient-InstanceInfoReplicator-0] com.netflix.discovery.DiscoveryClient    : DiscoveryClient_COMMENT-SERVICE/host.docker.internal:comment-service:3015 - registration status: 204
2022-04-01 09:37:31.023  INFO [comment-service,,] 15520 --- [Thread-3] o.s.c.s.a.z.ZipkinAutoConfiguration      : Flushing remaining spans on shutdown
2022-04-01 09:37:31.030  INFO [comment-service,,] 15520 --- [SpringApplicationShutdownHook] o.s.c.n.e.s.EurekaServiceRegistry        : Unregistering application COMMENT-SERVICE with eureka with status DOWN
2022-04-01 09:37:31.031  INFO [comment-service,,] 15520 --- [SpringApplicationShutdownHook] com.netflix.discovery.DiscoveryClient    : Saw local status change event StatusChangeEvent [timestamp=1648786051031, current=DOWN, previous=UP]
2022-04-01 09:37:31.032  INFO [comment-service,,] 15520 --- [DiscoveryClient-InstanceInfoReplicator-0] com.netflix.discovery.DiscoveryClient    : DiscoveryClient_COMMENT-SERVICE/host.docker.internal:comment-service:3015: registering service...
2022-04-01 09:37:31.070  INFO [comment-service,,] 15520 --- [DiscoveryClient-InstanceInfoReplicator-0] com.netflix.discovery.DiscoveryClient    : DiscoveryClient_COMMENT-SERVICE/host.docker.internal:comment-service:3015 - registration status: 204
2022-04-01 09:37:32.077  INFO [comment-service,,] 15520 --- [SpringApplicationShutdownHook] com.netflix.discovery.DiscoveryClient    : Shutting down DiscoveryClient ...
2022-04-01 09:37:35.087  INFO [comment-service,,] 15520 --- [SpringApplicationShutdownHook] com.netflix.discovery.DiscoveryClient    : Unregistering ...
2022-04-01 09:37:35.108  INFO [comment-service,,] 15520 --- [SpringApplicationShutdownHook] com.netflix.discovery.DiscoveryClient    : DiscoveryClient_COMMENT-SERVICE/host.docker.internal:comment-service:3015 - deregister  status: 200
2022-04-01 09:37:35.117  INFO [comment-service,,] 15520 --- [SpringApplicationShutdownHook] com.netflix.discovery.DiscoveryClient    : Completed shut down of DiscoveryClient
2022-04-01 09:59:19.499  INFO [comment-service,,] 9028 --- [main] c.m.c.CommentServiceApplicationTests     : Starting CommentServiceApplicationTests using Java 11.0.13 on MAVCHN1121119 with PID 9028 (started by deepaksi in D:\Maveric\comment-service)
2022-04-01 09:59:19.501  INFO [comment-service,,] 9028 --- [main] c.m.c.CommentServiceApplicationTests     : No active profile set, falling back to 1 default profile: "default"
2022-04-01 09:59:20.742  INFO [comment-service,,] 9028 --- [main] .s.d.r.c.RepositoryConfigurationDelegate : Bootstrapping Spring Data MongoDB repositories in DEFAULT mode.
2022-04-01 09:59:20.922  INFO [comment-service,,] 9028 --- [main] .s.d.r.c.RepositoryConfigurationDelegate : Finished Spring Data repository scanning in 169 ms. Found 1 MongoDB repository interfaces.
2022-04-01 09:59:21.221  INFO [comment-service,,] 9028 --- [main] o.s.cloud.context.scope.GenericScope     : BeanFactory id=c4a8beb7-8492-3bd7-a597-bdc4d3040af3
2022-04-01 09:59:23.082  WARN [comment-service,,] 9028 --- [main] o.s.c.s.a.z.ZipkinAutoConfiguration      : Check result of the [RestTemplateSender{http://localhost:9411/api/v2/spans}] contains an error [CheckResult{ok=false, error=org.springframework.web.client.ResourceAccessException: I/O error on POST request for "http://localhost:9411/api/v2/spans": connect timed out; nested exception is java.net.SocketTimeoutException: connect timed out}]
2022-04-01 09:59:24.765  INFO [comment-service,,] 9028 --- [main] org.mongodb.driver.cluster               : Cluster created with settings {hosts=[host.docker.internal:27017], mode=SINGLE, requiredClusterType=UNKNOWN, serverSelectionTimeout='30000 ms'}
2022-04-01 09:59:24.883  INFO [comment-service,,] 9028 --- [cluster-rtt-ClusterId{value='62467fa40eb2e24f008c69f2', description='null'}-host.docker.internal:27017] org.mongodb.driver.connection            : Opened connection [connectionId{localValue:1, serverValue:15}] to host.docker.internal:27017
2022-04-01 09:59:24.883  INFO [comment-service,,] 9028 --- [cluster-ClusterId{value='62467fa40eb2e24f008c69f2', description='null'}-host.docker.internal:27017] org.mongodb.driver.connection            : Opened connection [connectionId{localValue:2, serverValue:16}] to host.docker.internal:27017
2022-04-01 09:59:24.886  INFO [comment-service,,] 9028 --- [cluster-ClusterId{value='62467fa40eb2e24f008c69f2', description='null'}-host.docker.internal:27017] org.mongodb.driver.cluster               : Monitor thread successfully connected to server with description ServerDescription{address=host.docker.internal:27017, type=STANDALONE, state=CONNECTED, ok=true, minWireVersion=0, maxWireVersion=13, maxDocumentSize=16777216, logicalSessionTimeoutMinutes=30, roundTripTimeNanos=46330700}
2022-04-01 09:59:25.000  WARN [comment-service,,] 9028 --- [main] o.s.data.convert.CustomConversions       : Registering converter from class java.time.LocalDateTime to class org.joda.time.LocalDateTime as reading converter although it doesn't convert from a store-supported type! You might want to check your annotation setup at the converter implementation.
2022-04-01 09:59:25.268  WARN [comment-service,,] 9028 --- [main] o.s.data.convert.CustomConversions       : Registering converter from class java.time.LocalDateTime to class org.joda.time.LocalDateTime as reading converter although it doesn't convert from a store-supported type! You might want to check your annotation setup at the converter implementation.
2022-04-01 09:59:26.416  INFO [comment-service,,] 9028 --- [main] o.s.c.openfeign.FeignClientFactoryBean   : For 'like-service' URL not provided. Will try picking an instance via load-balancing.
2022-04-01 09:59:26.531  INFO [comment-service,,] 9028 --- [main] o.s.c.openfeign.FeignClientFactoryBean   : For 'user-service' URL not provided. Will try picking an instance via load-balancing.
2022-04-01 09:59:30.602  INFO [comment-service,,] 9028 --- [main] DiscoveryClientOptionalArgsConfiguration : Eureka HTTP Client uses RestTemplate.
2022-04-01 09:59:32.600  WARN [comment-service,,] 9028 --- [main] iguration$LoadBalancerCaffeineWarnLogger : Spring Cloud LoadBalancer is currently working with the default cache. While this cache implementation is useful for development and tests, it's recommended to use Caffeine cache in production.You can switch to using Caffeine cache, by adding it and org.springframework.cache.caffeine.CaffeineCacheManager to the classpath.
2022-04-01 09:59:32.830  INFO [comment-service,,] 9028 --- [main] o.s.c.n.eureka.InstanceInfoFactory       : Setting initial instance status as: STARTING
2022-04-01 09:59:33.068  INFO [comment-service,,] 9028 --- [main] com.netflix.discovery.DiscoveryClient    : Initializing Eureka in region us-east-1
2022-04-01 09:59:33.083  INFO [comment-service,,] 9028 --- [main] c.n.d.s.r.aws.ConfigClusterResolver      : Resolving eureka endpoints via configuration
2022-04-01 09:59:33.145  INFO [comment-service,,] 9028 --- [main] com.netflix.discovery.DiscoveryClient    : Disable delta property : false
2022-04-01 09:59:33.145  INFO [comment-service,,] 9028 --- [main] com.netflix.discovery.DiscoveryClient    : Single vip registry refresh property : null
2022-04-01 09:59:33.145  INFO [comment-service,,] 9028 --- [main] com.netflix.discovery.DiscoveryClient    : Force full registry fetch : false
2022-04-01 09:59:33.145  INFO [comment-service,,] 9028 --- [main] com.netflix.discovery.DiscoveryClient    : Application is null : false
2022-04-01 09:59:33.145  INFO [comment-service,,] 9028 --- [main] com.netflix.discovery.DiscoveryClient    : Registered Applications size is zero : true
2022-04-01 09:59:33.145  INFO [comment-service,,] 9028 --- [main] com.netflix.discovery.DiscoveryClient    : Application version is -1: true
2022-04-01 09:59:33.145  INFO [comment-service,,] 9028 --- [main] com.netflix.discovery.DiscoveryClient    : Getting all instance registry info from the eureka server
2022-04-01 09:59:33.984  INFO [comment-service,,] 9028 --- [main] com.netflix.discovery.DiscoveryClient    : The response status is 200
2022-04-01 09:59:33.984  INFO [comment-service,,] 9028 --- [main] com.netflix.discovery.DiscoveryClient    : Starting heartbeat executor: renew interval is: 30
2022-04-01 09:59:33.984  INFO [comment-service,,] 9028 --- [main] c.n.discovery.InstanceInfoReplicator     : InstanceInfoReplicator onDemand update allowed rate per min is 4
2022-04-01 09:59:34.002  INFO [comment-service,,] 9028 --- [main] com.netflix.discovery.DiscoveryClient    : Discovery Client initialized at timestamp 1648787374002 with initial instances count: 5
2022-04-01 09:59:34.032  INFO [comment-service,,] 9028 --- [main] o.s.c.n.e.s.EurekaServiceRegistry        : Registering application COMMENT-SERVICE with eureka with status UP
2022-04-01 09:59:34.035  INFO [comment-service,,] 9028 --- [main] com.netflix.discovery.DiscoveryClient    : Saw local status change event StatusChangeEvent [timestamp=1648787374035, current=UP, previous=STARTING]
2022-04-01 09:59:34.038  INFO [comment-service,,] 9028 --- [DiscoveryClient-InstanceInfoReplicator-0] com.netflix.discovery.DiscoveryClient    : DiscoveryClient_COMMENT-SERVICE/host.docker.internal:comment-service:3015: registering service...
2022-04-01 09:59:34.106  INFO [comment-service,,] 9028 --- [main] c.m.c.CommentServiceApplicationTests     : Started CommentServiceApplicationTests in 15.981 seconds (JVM running for 17.352)
2022-04-01 09:59:34.192  INFO [comment-service,,] 9028 --- [DiscoveryClient-InstanceInfoReplicator-0] com.netflix.discovery.DiscoveryClient    : DiscoveryClient_COMMENT-SERVICE/host.docker.internal:comment-service:3015 - registration status: 204
2022-04-01 09:59:35.119  INFO [comment-service,,] 9028 --- [Thread-3] o.s.c.s.a.z.ZipkinAutoConfiguration      : Flushing remaining spans on shutdown
2022-04-01 09:59:35.124  INFO [comment-service,,] 9028 --- [SpringApplicationShutdownHook] o.s.c.n.e.s.EurekaServiceRegistry        : Unregistering application COMMENT-SERVICE with eureka with status DOWN
2022-04-01 09:59:35.124  INFO [comment-service,,] 9028 --- [SpringApplicationShutdownHook] com.netflix.discovery.DiscoveryClient    : Saw local status change event StatusChangeEvent [timestamp=1648787375124, current=DOWN, previous=UP]
2022-04-01 09:59:35.131  INFO [comment-service,,] 9028 --- [DiscoveryClient-InstanceInfoReplicator-0] com.netflix.discovery.DiscoveryClient    : DiscoveryClient_COMMENT-SERVICE/host.docker.internal:comment-service:3015: registering service...
2022-04-01 09:59:35.154  INFO [comment-service,,] 9028 --- [DiscoveryClient-InstanceInfoReplicator-0] com.netflix.discovery.DiscoveryClient    : DiscoveryClient_COMMENT-SERVICE/host.docker.internal:comment-service:3015 - registration status: 204
2022-04-01 09:59:36.160  INFO [comment-service,,] 9028 --- [SpringApplicationShutdownHook] com.netflix.discovery.DiscoveryClient    : Shutting down DiscoveryClient ...
2022-04-01 09:59:39.183  INFO [comment-service,,] 9028 --- [SpringApplicationShutdownHook] com.netflix.discovery.DiscoveryClient    : Unregistering ...
2022-04-01 09:59:39.208  INFO [comment-service,,] 9028 --- [SpringApplicationShutdownHook] com.netflix.discovery.DiscoveryClient    : DiscoveryClient_COMMENT-SERVICE/host.docker.internal:comment-service:3015 - deregister  status: 200
2022-04-01 09:59:39.220  INFO [comment-service,,] 9028 --- [SpringApplicationShutdownHook] com.netflix.discovery.DiscoveryClient    : Completed shut down of DiscoveryClient
